# JRE version: OpenJDK Runtime Environment (11.0.8+10) (build 11.0.8+10-b944.6842174)
# Java VM: OpenJDK 64-Bit Server VM (11.0.8+10-b944.6842174, mixed mode, tiered, compressed oops, g1 gc, windows-amd64)
Heap:
 garbage-first heap   total 262144K, used 138240K [0x0000000080000000, 0x0000000100000000)
  region size 1024K, 97 young (99328K), 10 survivors (10240K)
 Metaspace       used 75998K, capacity 77893K, committed 77952K, reserved 1116160K
  class space    used 9913K, capacity 10605K, committed 10624K, reserved 1048576K
GC Heap History (14 events):
Event: 0.977 GC heap before
{Heap before GC invocations=0 (full 0):
 garbage-first heap   total 262144K, used 29696K [0x0000000080000000, 0x0000000100000000)
  region size 1024K, 24 young (24576K), 0 survivors (0K)
 Metaspace       used 10414K, capacity 10640K, committed 11008K, reserved 1058816K
  class space    used 1098K, capacity 1164K, committed 1280K, reserved 1048576K
}
Event: 0.982 GC heap after
{Heap after GC invocations=1 (full 0):
 garbage-first heap   total 262144K, used 8534K [0x0000000080000000, 0x0000000100000000)
  region size 1024K, 3 young (3072K), 3 survivors (3072K)
 Metaspace       used 10414K, capacity 10640K, committed 11008K, reserved 1058816K
  class space    used 1098K, capacity 1164K, committed 1280K, reserved 1048576K
}
Event: 3.912 GC heap before
{Heap before GC invocations=1 (full 0):
 garbage-first heap   total 262144K, used 93526K [0x0000000080000000, 0x0000000100000000)
  region size 1024K, 88 young (90112K), 3 survivors (3072K)
 Metaspace       used 20651K, capacity 21105K, committed 21248K, reserved 1067008K
  class space    used 2532K, capacity 2710K, committed 2816K, reserved 1048576K
}
Event: 3.923 GC heap after
{Heap after GC invocations=2 (full 0):
 garbage-first heap   total 262144K, used 16135K [0x0000000080000000, 0x0000000100000000)
  region size 1024K, 11 young (11264K), 11 survivors (11264K)
 Metaspace       used 20651K, capacity 21105K, committed 21248K, reserved 1067008K
  class space    used 2532K, capacity 2710K, committed 2816K, reserved 1048576K
}
Event: 4.774 GC heap before
{Heap before GC invocations=3 (full 0):
 garbage-first heap   total 262144K, used 57095K [0x0000000080000000, 0x0000000100000000)
  region size 1024K, 51 young (52224K), 11 survivors (11264K)
 Metaspace       used 25456K, capacity 26090K, committed 26368K, reserved 1073152K
  class space    used 3308K, capacity 3502K, committed 3584K, reserved 1048576K
}
Event: 4.782 GC heap after
{Heap after GC invocations=4 (full 0):
 garbage-first heap   total 262144K, used 18051K [0x0000000080000000, 0x0000000100000000)
  region size 1024K, 3 young (3072K), 3 survivors (3072K)
 Metaspace       used 25456K, capacity 26090K, committed 26368K, reserved 1073152K
  class space    used 3308K, capacity 3502K, committed 3584K, reserved 1048576K
}
Event: 5.954 GC heap before
{Heap before GC invocations=4 (full 0):
 garbage-first heap   total 262144K, used 75395K [0x0000000080000000, 0x0000000100000000)
  region size 1024K, 60 young (61440K), 3 survivors (3072K)
 Metaspace       used 35099K, capacity 35737K, committed 35840K, reserved 1081344K
  class space    used 4565K, capacity 4824K, committed 4864K, reserved 1048576K
}
Event: 5.964 GC heap after
{Heap after GC invocations=5 (full 0):
 garbage-first heap   total 262144K, used 21206K [0x0000000080000000, 0x0000000100000000)
  region size 1024K, 6 young (6144K), 6 survivors (6144K)
 Metaspace       used 35099K, capacity 35737K, committed 35840K, reserved 1081344K
  class space    used 4565K, capacity 4824K, committed 4864K, reserved 1048576K
}
Event: 7.898 GC heap before
{Heap before GC invocations=6 (full 0):
 garbage-first heap   total 262144K, used 134870K [0x0000000080000000, 0x0000000100000000)
  region size 1024K, 114 young (116736K), 6 survivors (6144K)
 Metaspace       used 44184K, capacity 45244K, committed 45568K, reserved 1089536K
  class space    used 5667K, capacity 6030K, committed 6144K, reserved 1048576K
}
Event: 7.907 GC heap after
{Heap after GC invocations=7 (full 0):
 garbage-first heap   total 262144K, used 26522K [0x0000000080000000, 0x0000000100000000)
  region size 1024K, 11 young (11264K), 11 survivors (11264K)
 Metaspace       used 44184K, capacity 45244K, committed 45568K, reserved 1089536K
  class space    used 5667K, capacity 6030K, committed 6144K, reserved 1048576K
}
Event: 26.331 GC heap before
{Heap before GC invocations=7 (full 0):
 garbage-first heap   total 262144K, used 166810K [0x0000000080000000, 0x0000000100000000)
  region size 1024K, 146 young (149504K), 11 survivors (11264K)
 Metaspace       used 58724K, capacity 60122K, committed 60160K, reserved 1101824K
  class space    used 7440K, capacity 7930K, committed 7936K, reserved 1048576K
}
Event: 26.395 GC heap after
{Heap after GC invocations=8 (full 0):
 garbage-first heap   total 262144K, used 41748K [0x0000000080000000, 0x0000000100000000)
  region size 1024K, 20 young (20480K), 20 survivors (20480K)
 Metaspace       used 58724K, capacity 60122K, committed 60160K, reserved 1101824K
  class space    used 7440K, capacity 7930K, committed 7936K, reserved 1048576K
}
Event: 33.509 GC heap before
{Heap before GC invocations=9 (full 0):
 garbage-first heap   total 262144K, used 177940K [0x0000000080000000, 0x0000000100000000)
  region size 1024K, 153 young (156672K), 20 survivors (20480K)
 Metaspace       used 71685K, capacity 73331K, committed 73600K, reserved 1112064K
  class space    used 9414K, capacity 9997K, committed 10112K, reserved 1048576K
}
Event: 33.529 GC heap after
{Heap after GC invocations=10 (full 0):
 garbage-first heap   total 262144K, used 51200K [0x0000000080000000, 0x0000000100000000)
  region size 1024K, 10 young (10240K), 10 survivors (10240K)
 Metaspace       used 71685K, capacity 73331K, committed 73600K, reserved 1112064K
  class space    used 9414K, capacity 9997K, committed 10112K, reserved 1048576K
}

